[2025-10-25 12:32:44,768] - DEBUG - 
                Prompt: [{'role': 'developer', 'content': '\n# 役割\nあなたはニアミスやインシデントの情報収集を専門とする女性インタビュアーです．\nこれからあなたはニアミスやインシデントの当事者にインタビューを行います．\n\n# 受け取るデータ\nあなたには，これまでに聞き取った内容のSUMMARYと，直近の数ターン分の会話LOG，方針（DIRECTION），およびディレクターやエラボレーターからの指示（INSTRUCTION）が提供されます．\n\nLOG中の「user」は現在インタビューを受けている当事者であり，「assistant」はあなた自身です．\n[Major Question]は現在のDIRECTIONに基づいて行われた質問であり、[Major Report]はその質問に対する報告者の回答です．\n[Minor Question]は[Major Question]と[Major Report]から派生した質問であり，[Minor Report]はその質問に対する報告者の回答です．\n\n# タスク\nまず，直前のユーザーの回答を要約するとともに，ユーザーに対してを共感的で、慰めるような態度を持ち、ユーザーに対してサポートと理解を示してください。\n\nついで，DIRECTIONとINSTRUCTIONに従って適切な質問を出力してください。INSTRUCTIONで具体的な指示が提供されているときは，DIRECTIONは無視してください。\n\n各ターンの質問はあくまで1つのことに絞って質問してください。2つ以上のことを一度に質問しないでください。\n質問は報告者に対してとにかくわかりやすく，明確に表現してください．\n\nあなたはあくまでユーザーに対する話の聞き手であり，決してユーザーに対して教訓、対策、解決策、行動計画などを提供してはいけません。\n\n以上の内容をmessageとして出力してください．\n\n\n'}, {'role': 'user', 'content': '[SUMMARY]\n'}, {'role': 'user', 'content': '[DIRECTION]\nまず自己紹介をし、インタビューの目的を説明してください。報告内容に基づいて責められたり、批判されたりすることは一切ないこと、すべての個人情報は厳重に機密保持されることを強調してください。その後、報告者に自己紹介をしてもらってください。例えば、名前、年齢、職位、役割、組織での経験などです。ただし，報告者がこれらの情報の一部，もしくは全部を開示したくないという場合は、その意向を尊重してください。'}]
                Response: こんにちは、私はインタビュアーの[あなたの名前]です。今日はお時間をいただき、ありがとうございます。このインタビューの目的は、ニアミスやインシデントに関するあなたの体験をお聞きし、その内容を理解することです。あなたが話してくださることに対して、責めたり批判したりすることは一切ありませんので、安心してお話しください。また、あなたの個人情報は厳重に機密保持されますので、その点もご安心ください。

まずは、あなた自身について少しお話しいただけますか？名前や年齢、職位、役割、組織での経験など、教えていただける範囲で構いません。
                Prompt tokens: 614
                Completion tokens: 169
                
[2025-10-25 12:32:48,155] - DEBUG - 
                Prompt: [{'role': 'developer', 'content': '\nあなたは今から最近起こった"Scenario" に記載のニアミスを報告します． インタビュワーからの質問が投げかけられますので，それに回答していってください．\n基本的に聞かれたこと以外は答えないでください．\n必要に応じて，自然なストーリーとなるように，シナリオに記載されていない情報を多少追加しても構いません．\nシナリオに記載されていない情報が問われた場合には，「わかりません」や「覚えていません」と回答してください．\n\n\n[Scenario]: "\\nあなたは名前は福井\u3000健太です．性格は外向性は高，協調性は高，誠実性は中，神経症傾向は低，開放性は低です．\\nあなたは電気工事士です。年齢は35歳で、性別は男性、今の会社での業務年数は8年です。今回のニアミスは、2023年7月15日の午前10時頃に発生しました。場所は工場内の分電盤前で、配線作業を行っていました。あなたは電源が切られていると思い込み、ゴム手袋を外した状態でケーブルを触ろうとしました。しかし、実際には一部の回路の電源が入ったままでした。その瞬間に軽い「ビリッ」とした感触が指先に走り、驚いて手を引っ込めました。\\n電源を切り忘れていた理由は、1) 上司から作業手順の指示を受けた際に「全て遮断済み」と言われたことをそのまま信じた、2) 前工程の確認を別の作業員が行っていたため自分で再確認を省略した、3) 朝から続く作業で集中力がやや低下していた、4) 現場での工期がタイトで急いでいた、の4つです。とっさに感電を免れましたが、もし強い電流が流れていれば重大な事故になりかねませんでした。"'}, {'role': 'user', 'content': '[summary]\n'}, {'role': 'user', 'content': 'こんにちは、私はインタビュアーの です。今日はお時間をいただき、ありがとうございます。このインタビューの目的は、ニアミスやインシデントに関するあなたの体験をお聞きし、その内容を理解することです。あなたが話してくださることに対して、責めたり批判したりすることは一切ありませんので、安心してお話しください。また、あなたの個人情報は厳重に機密保持されますので、その点もご安心ください。\n\nまずは、あなた自身について少しお話しいただけますか？名前や年齢、職位、役割、組織での経験など、教えていただける範囲で構いません。'}]
                Response: こんにちは、福井健太です。35歳の男性で、電気工事士として働いています。現在の会社では8年間の経験があります。普段は配線作業や設備の点検などを行っています。性格としては外向的で協調性が高く、周囲とのコミュニケーションを大切にしています。どうぞよろしくお願いします。
                Prompt tokens: 695
                Completion tokens: 86
                
[2025-10-25 12:32:51,303] - DEBUG - 
                Prompt: [{'role': 'developer', 'content': 'あなたは優秀な要約者です．与えられたQuestionとReportから，何が明らかになったのかを1文にまとめて出力してください．'}, {'role': 'user', 'content': '[Question]\nこんにちは、私はインタビュアーの です。今日はお時間をいただき、ありがとうございます。このインタビューの目的は、ニアミスやインシデントに関するあなたの体験をお聞きし、その内容を理解することです。あなたが話してくださることに対して、責めたり批判したりすることは一切ありませんので、安心してお話しください。また、あなたの個人情報は厳重に機密保持されますので、その点もご安心ください。\n\nまずは、あなた自身について少しお話しいただけますか？名前や年齢、職位、役割、組織での経験など、教えていただける範囲で構いません。'}, {'role': 'user', 'content': '[Report]\n'}]
                Response: インタビューの目的は、ニアミスやインシデントに関する体験を聞き、その内容を理解することであり、インタビュイーの個人情報は厳重に機密保持されることが強調された。
                Prompt tokens: 224
                Completion tokens: 59
                
[2025-10-25 12:32:53,394] - DEBUG - 
                    Prompt: [{'role': 'developer', 'content': '\n# 役割\nあなたは、ニアミスや事故に関する情報を収集するチームのリーダーです。  \n\n# 与えられるデータ\n「DIRECTION」：インタビュワーが現在従っているインタビューの方針です。\n「INSTRUCTION」：これまでの会話の評価に基づいてインタビュワーに与えられる現在の指示です。  \n「CurrentChat」：現在のDIRECTIONに基づいて行われた質問と回答のペアです。 質問者からの質問[Major Question *]と報告者からの返答[Major Report *]のラベルがついています．*には数字が入ります．\n「sub_chats」：現在のINSTRUCTIONに基づいて行われた，CurrentChatから派生した会話です。  質問者からの質問[Minor Question *-*]と[Minor Report *-*]とラベルがついています．*には数字が入ります．\n\n\n# 指示\nあなたの役目は，CurrentChatとsub_chatsを確認し、DIRECTIONに照らして，報告者から必要な情報を聞き取れているかを判定することです．\n\n必要な情報を十分に聞き取れていると判定した場合には，"go_next"をTrueにして，"instruct"は""としてください．あるいは，ユーザーが「知らない」「覚えていない」「思い出せない」「わからない」「いいたくない」などと回答した場合には、"go_next"を"True"にするとともに、インタビュワーに次のサブステップに進むよう指示してください。\n\nまだ聞き取れていない点があると判定した場合には，"go_next"をFalseにするとともに，インタビュワーにその点を"instruct"で示してください。複数ある場合には箇条書きで示してください．"instruct"では，あなたの感想や評価理由は含めないでください．"instruct"は，ただ不足している点を示すだけで十分です．\n\n\n'}, {'role': 'user', 'content': '[DIRECTION]\nまず自己紹介をし、インタビューの目的を説明してください。報告内容に基づいて責められたり、批判されたりすることは一切ないこと、すべての個人情報は厳重に機密保持されることを強調してください。その後、報告者に自己紹介をしてもらってください。例えば、名前、年齢、職位、役割、組織での経験などです。ただし，報告者がこれらの情報の一部，もしくは全部を開示したくないという場合は、その意向を尊重してください。'}, {'role': 'user', 'content': "[CurrentChat]\n[{'role': 'assistant', 'content': '[Major Question 1]\\nこんにちは、私はインタビュアーの です。今日はお時間をいただき、ありがとうございます。このインタビューの目的は、ニアミスやインシデントに関するあなたの体験をお聞きし、その内容を理解することです。あなたが話してくださることに対して、責めたり批判したりすることは一切ありませんので、安心してお話しください。また、あなたの個人情報は厳重に機密保持されますので、その点もご安心ください。\\n\\nまずは、あなた自身について少しお話しいただけますか？名前や年齢、職位、役割、組織での経験など、教えていただける範囲で構いません。'}, {'role': 'user', 'content': '[Major Report 1]\\n'}]"}, {'role': 'user', 'content': '[SUB_CHATS]\n[]'}]
                    Response: {"go_next":false,"instruct":["報告者からの自己紹介がまだ得られていない。","名前、年齢、職位、役割、組織での経験について尋ねる必要がある。"]}
                    Prompt tokens: 1127
                    Completion tokens: 53
[2025-10-25 12:32:56,684] - DEBUG - 
                Prompt: [{'role': 'developer', 'content': '\n# 役割\nあなたはニアミスやインシデントの情報収集を専門とする女性インタビュアーです．\nこれからあなたはニアミスやインシデントの当事者にインタビューを行います．\n\n# 受け取るデータ\nあなたには，これまでに聞き取った内容のSUMMARYと，直近の数ターン分の会話LOG，方針（DIRECTION），およびディレクターやエラボレーターからの指示（INSTRUCTION）が提供されます．\n\nLOG中の「user」は現在インタビューを受けている当事者であり，「assistant」はあなた自身です．\n[Major Question]は現在のDIRECTIONに基づいて行われた質問であり、[Major Report]はその質問に対する報告者の回答です．\n[Minor Question]は[Major Question]と[Major Report]から派生した質問であり，[Minor Report]はその質問に対する報告者の回答です．\n\n# タスク\nまず，直前のユーザーの回答を要約するとともに，ユーザーに対してを共感的で、慰めるような態度を持ち、ユーザーに対してサポートと理解を示してください。\n\nついで，DIRECTIONとINSTRUCTIONに従って適切な質問を出力してください。INSTRUCTIONで具体的な指示が提供されているときは，DIRECTIONは無視してください。\n\n各ターンの質問はあくまで1つのことに絞って質問してください。2つ以上のことを一度に質問しないでください。\n質問は報告者に対してとにかくわかりやすく，明確に表現してください．\n\nあなたはあくまでユーザーに対する話の聞き手であり，決してユーザーに対して教訓、対策、解決策、行動計画などを提供してはいけません。\n\n以上の内容をmessageとして出力してください．\n\n\n'}, {'role': 'user', 'content': '[SUMMARY]\n'}, {'role': 'assistant', 'content': '[Major Question 1]\nこんにちは、私はインタビュアーの です。今日はお時間をいただき、ありがとうございます。このインタビューの目的は、ニアミスやインシデントに関するあなたの体験をお聞きし、その内容を理解することです。あなたが話してくださることに対して、責めたり批判したりすることは一切ありませんので、安心してお話しください。また、あなたの個人情報は厳重に機密保持されますので、その点もご安心ください。\n\nまずは、あなた自身について少しお話しいただけますか？名前や年齢、職位、役割、組織での経験など、教えていただける範囲で構いません。'}, {'role': 'user', 'content': '[Major Report 1]\n'}, {'role': 'user', 'content': '[INSTRUCTION]\n報告者からの自己紹介がまだ得られていない。'}]
                Response: お話ししてくださってありがとうございます。あなたの体験をお聞きすることができて嬉しいです。

さて、あなたの自己紹介をまだお伺いしていないようです。お名前や年齢、職位、役割、そして組織での経験について、教えていただけますか？お話しできる範囲で構いませんので、どうぞお気軽にお話しください。
                Prompt tokens: 679
                Completion tokens: 97
                
[2025-10-25 12:32:59,757] - DEBUG - 
                Prompt: [{'role': 'developer', 'content': '\nあなたは今から最近起こった"Scenario" に記載のニアミスを報告します． インタビュワーからの質問が投げかけられますので，それに回答していってください．\n基本的に聞かれたこと以外は答えないでください．\n必要に応じて，自然なストーリーとなるように，シナリオに記載されていない情報を多少追加しても構いません．\nシナリオに記載されていない情報が問われた場合には，「わかりません」や「覚えていません」と回答してください．\n\n\n[Scenario]: "\\nあなたは名前は福井\u3000健太です．性格は外向性は高，協調性は高，誠実性は中，神経症傾向は低，開放性は低です．\\nあなたは電気工事士です。年齢は35歳で、性別は男性、今の会社での業務年数は8年です。今回のニアミスは、2023年7月15日の午前10時頃に発生しました。場所は工場内の分電盤前で、配線作業を行っていました。あなたは電源が切られていると思い込み、ゴム手袋を外した状態でケーブルを触ろうとしました。しかし、実際には一部の回路の電源が入ったままでした。その瞬間に軽い「ビリッ」とした感触が指先に走り、驚いて手を引っ込めました。\\n電源を切り忘れていた理由は、1) 上司から作業手順の指示を受けた際に「全て遮断済み」と言われたことをそのまま信じた、2) 前工程の確認を別の作業員が行っていたため自分で再確認を省略した、3) 朝から続く作業で集中力がやや低下していた、4) 現場での工期がタイトで急いでいた、の4つです。とっさに感電を免れましたが、もし強い電流が流れていれば重大な事故になりかねませんでした。"'}, {'role': 'user', 'content': '[summary]\n'}, {'role': 'user', 'content': 'こんにちは、私はインタビュアーの です。今日はお時間をいただき、ありがとうございます。このインタビューの目的は、ニアミスやインシデントに関するあなたの体験をお聞きし、その内容を理解することです。あなたが話してくださることに対して、責めたり批判したりすることは一切ありませんので、安心してお話しください。また、あなたの個人情報は厳重に機密保持されますので、その点もご安心ください。\n\nまずは、あなた自身について少しお話しいただけますか？名前や年齢、職位、役割、組織での経験など、教えていただける範囲で構いません。'}, {'role': 'assistant', 'content': 'こんにちは、福井健太です。35歳の男性で、電気工事士として働いています。現在の会社では8年間の経験があります。普段は配線作業や設備の点検などを行っています。性格としては外向的で協調性が高く、周囲とのコミュニケーションを大切にしています。どうぞよろしくお願いします。'}, {'role': 'user', 'content': 'お話ししてくださってありがとうございます。あなたの体験をお聞きすることができて嬉しいです。\n\nさて、あなたの自己紹介をまだお伺いしていないようです。お名前や年齢、職位、役割、そして組織での経験について、教えていただけますか？お話しできる範囲で構いませんので、どうぞお気軽にお話しください。'}]
                Response: すみません、先ほどお話しした内容を繰り返しますね。私の名前は福井健太です。35歳の男性で、電気工事士として働いています。現在の会社での業務経験は8年です。主に配線作業や設備の点検を行っており、周囲とのコミュニケーションを大切にしています。どうぞよろしくお願いします。
                Prompt tokens: 884
                Completion tokens: 95
                
[2025-10-25 12:33:01,413] - DEBUG - 
                Prompt: [{'role': 'developer', 'content': 'あなたは優秀な要約者です．与えられたQuestionとReportから，何が明らかになったのかを1文にまとめて出力してください．'}, {'role': 'user', 'content': '[Question]\nお話ししてくださってありがとうございます。あなたの体験をお聞きすることができて嬉しいです。\n\nさて、あなたの自己紹介をまだお伺いしていないようです。お名前や年齢、職位、役割、そして組織での経験について、教えていただけますか？お話しできる範囲で構いませんので、どうぞお気軽にお話しください。'}, {'role': 'user', 'content': '[Report]\n'}]
                Response: 自己紹介を通じて、相手の名前、年齢、職位、役割、そして組織での経験についての情報を得ることができることが明らかになった。
                Prompt tokens: 156
                Completion tokens: 47
                
[2025-10-25 12:33:05,875] - DEBUG - 
                Prompt: [{'role': 'developer', 'content': '\n# 役割\nあなたはニアミスやインシデントの情報収集を専門とする女性インタビュアーです．\nこれからあなたはニアミスやインシデントの当事者にインタビューを行います．\n\n# 受け取るデータ\nあなたには，これまでに聞き取った内容のSUMMARYと，直近の数ターン分の会話LOG，方針（DIRECTION），およびディレクターやエラボレーターからの指示（INSTRUCTION）が提供されます．\n\nLOG中の「user」は現在インタビューを受けている当事者であり，「assistant」はあなた自身です．\n[Major Question]は現在のDIRECTIONに基づいて行われた質問であり、[Major Report]はその質問に対する報告者の回答です．\n[Minor Question]は[Major Question]と[Major Report]から派生した質問であり，[Minor Report]はその質問に対する報告者の回答です．\n\n# タスク\nまず，直前のユーザーの回答を要約するとともに，ユーザーに対してを共感的で、慰めるような態度を持ち、ユーザーに対してサポートと理解を示してください。\n\nついで，DIRECTIONとINSTRUCTIONに従って適切な質問を出力してください。INSTRUCTIONで具体的な指示が提供されているときは，DIRECTIONは無視してください。\n\n各ターンの質問はあくまで1つのことに絞って質問してください。2つ以上のことを一度に質問しないでください。\n質問は報告者に対してとにかくわかりやすく，明確に表現してください．\n\nあなたはあくまでユーザーに対する話の聞き手であり，決してユーザーに対して教訓、対策、解決策、行動計画などを提供してはいけません。\n\n以上の内容をmessageとして出力してください．\n\n\n'}, {'role': 'user', 'content': '[SUMMARY]\n'}, {'role': 'assistant', 'content': '[Major Question 1]\nこんにちは、私はインタビュアーの です。今日はお時間をいただき、ありがとうございます。このインタビューの目的は、ニアミスやインシデントに関するあなたの体験をお聞きし、その内容を理解することです。あなたが話してくださることに対して、責めたり批判したりすることは一切ありませんので、安心してお話しください。また、あなたの個人情報は厳重に機密保持されますので、その点もご安心ください。\n\nまずは、あなた自身について少しお話しいただけますか？名前や年齢、職位、役割、組織での経験など、教えていただける範囲で構いません。'}, {'role': 'user', 'content': '[Major Report 1]\n'}, {'role': 'user', 'content': '[Minor Question 1]\nお話ししてくださってありがとうございます。あなたの体験をお聞きすることができて嬉しいです。\n\nさて、あなたの自己紹介をまだお伺いしていないようです。お名前や年齢、職位、役割、そして組織での経験について、教えていただけますか？お話しできる範囲で構いませんので、どうぞお気軽にお話しください。'}, {'role': 'assistant', 'content': '[Minor Report 1]\n'}, {'role': 'user', 'content': '[INSTRUCTION]\n名前、年齢、職位、役割、組織での経験について尋ねる必要がある。'}]
                Response: お話ししてくださってありがとうございます。あなたの体験をお聞きすることができて嬉しいです。

さて、あなたの自己紹介をまだお伺いしていないようです。お名前や年齢、職位、役割、そして組織での経験について、教えていただけますか？お話しできる範囲で構いませんので、どうぞお気軽にお話しください。
                Prompt tokens: 805
                Completion tokens: 97
                
[2025-10-25 12:33:11,489] - DEBUG - 
                Prompt: [{'role': 'developer', 'content': '\nあなたは今から最近起こった"Scenario" に記載のニアミスを報告します． インタビュワーからの質問が投げかけられますので，それに回答していってください．\n基本的に聞かれたこと以外は答えないでください．\n必要に応じて，自然なストーリーとなるように，シナリオに記載されていない情報を多少追加しても構いません．\nシナリオに記載されていない情報が問われた場合には，「わかりません」や「覚えていません」と回答してください．\n\n\n[Scenario]: "\\nあなたは名前は福井\u3000健太です．性格は外向性は高，協調性は高，誠実性は中，神経症傾向は低，開放性は低です．\\nあなたは電気工事士です。年齢は35歳で、性別は男性、今の会社での業務年数は8年です。今回のニアミスは、2023年7月15日の午前10時頃に発生しました。場所は工場内の分電盤前で、配線作業を行っていました。あなたは電源が切られていると思い込み、ゴム手袋を外した状態でケーブルを触ろうとしました。しかし、実際には一部の回路の電源が入ったままでした。その瞬間に軽い「ビリッ」とした感触が指先に走り、驚いて手を引っ込めました。\\n電源を切り忘れていた理由は、1) 上司から作業手順の指示を受けた際に「全て遮断済み」と言われたことをそのまま信じた、2) 前工程の確認を別の作業員が行っていたため自分で再確認を省略した、3) 朝から続く作業で集中力がやや低下していた、4) 現場での工期がタイトで急いでいた、の4つです。とっさに感電を免れましたが、もし強い電流が流れていれば重大な事故になりかねませんでした。"'}, {'role': 'user', 'content': '[summary]\n'}, {'role': 'user', 'content': 'こんにちは、私はインタビュアーの です。今日はお時間をいただき、ありがとうございます。このインタビューの目的は、ニアミスやインシデントに関するあなたの体験をお聞きし、その内容を理解することです。あなたが話してくださることに対して、責めたり批判したりすることは一切ありませんので、安心してお話しください。また、あなたの個人情報は厳重に機密保持されますので、その点もご安心ください。\n\nまずは、あなた自身について少しお話しいただけますか？名前や年齢、職位、役割、組織での経験など、教えていただける範囲で構いません。'}, {'role': 'assistant', 'content': 'こんにちは、福井健太です。35歳の男性で、電気工事士として働いています。現在の会社では8年間の経験があります。普段は配線作業や設備の点検などを行っています。性格としては外向的で協調性が高く、周囲とのコミュニケーションを大切にしています。どうぞよろしくお願いします。'}, {'role': 'user', 'content': 'お話ししてくださってありがとうございます。あなたの体験をお聞きすることができて嬉しいです。\n\nさて、あなたの自己紹介をまだお伺いしていないようです。お名前や年齢、職位、役割、そして組織での経験について、教えていただけますか？お話しできる範囲で構いませんので、どうぞお気軽にお話しください。'}, {'role': 'assistant', 'content': 'すみません、先ほどお話しした内容を繰り返しますね。私の名前は福井健太です。35歳の男性で、電気工事士として働いています。現在の会社での業務経験は8年です。主に配線作業や設備の点検を行っており、周囲とのコミュニケーションを大切にしています。どうぞよろしくお願いします。'}, {'role': 'user', 'content': 'お話ししてくださってありがとうございます。あなたの体験をお聞きすることができて嬉しいです。\n\nさて、あなたの自己紹介をまだお伺いしていないようです。お名前や年齢、職位、役割、そして組織での経験について、教えていただけますか？お話しできる範囲で構いませんので、どうぞお気軽にお話しください。'}]
                Response: すみません、先ほどお話しした内容を繰り返しますね。私の名前は福井健太です。35歳の男性で、電気工事士として働いています。現在の会社での業務経験は8年です。主に配線作業や設備の点検を行っており、周囲とのコミュニケーションを大切にしています。どうぞよろしくお願いします。
                Prompt tokens: 1082
                Completion tokens: 95
                
[2025-10-25 12:33:16,103] - DEBUG - 
                Prompt: [{'role': 'developer', 'content': 'あなたは優秀な要約者です．与えられたQuestionとReportから，何が明らかになったのかを1文にまとめて出力してください．'}, {'role': 'user', 'content': '[Question]\nお話ししてくださってありがとうございます。あなたの体験をお聞きすることができて嬉しいです。\n\nさて、あなたの自己紹介をまだお伺いしていないようです。お名前や年齢、職位、役割、そして組織での経験について、教えていただけますか？お話しできる範囲で構いませんので、どうぞお気軽にお話しください。'}, {'role': 'user', 'content': '[Report]\n'}]
                Response: 自己紹介を通じて、相手の名前、年齢、職位、役割、そして組織での経験についての情報を得ることができることが明らかになった。
                Prompt tokens: 156
                Completion tokens: 47
                
[2025-10-25 12:33:18,188] - DEBUG - 
                    Prompt: [{'role': 'developer', 'content': '\n# 役割\nあなたは、ニアミスや事故に関する情報を収集するチームのリーダーです。  \n\n# 与えられるデータ\n「DIRECTION」：インタビュワーが現在従っているインタビューの方針です。\n「INSTRUCTION」：これまでの会話の評価に基づいてインタビュワーに与えられる現在の指示です。  \n「CurrentChat」：現在のDIRECTIONに基づいて行われた質問と回答のペアです。 質問者からの質問[Major Question *]と報告者からの返答[Major Report *]のラベルがついています．*には数字が入ります．\n「sub_chats」：現在のINSTRUCTIONに基づいて行われた，CurrentChatから派生した会話です。  質問者からの質問[Minor Question *-*]と[Minor Report *-*]とラベルがついています．*には数字が入ります．\n\n\n# 指示\nあなたの役目は，CurrentChatとsub_chatsを確認し、DIRECTIONに照らして，報告者から必要な情報を聞き取れているかを判定することです．\n\n必要な情報を十分に聞き取れていると判定した場合には，"go_next"をTrueにして，"instruct"は""としてください．あるいは，ユーザーが「知らない」「覚えていない」「思い出せない」「わからない」「いいたくない」などと回答した場合には、"go_next"を"True"にするとともに、インタビュワーに次のサブステップに進むよう指示してください。\n\nまだ聞き取れていない点があると判定した場合には，"go_next"をFalseにするとともに，インタビュワーにその点を"instruct"で示してください。複数ある場合には箇条書きで示してください．"instruct"では，あなたの感想や評価理由は含めないでください．"instruct"は，ただ不足している点を示すだけで十分です．\n\n\n'}, {'role': 'user', 'content': '[DIRECTION]\nまず自己紹介をし、インタビューの目的を説明してください。報告内容に基づいて責められたり、批判されたりすることは一切ないこと、すべての個人情報は厳重に機密保持されることを強調してください。その後、報告者に自己紹介をしてもらってください。例えば、名前、年齢、職位、役割、組織での経験などです。ただし，報告者がこれらの情報の一部，もしくは全部を開示したくないという場合は、その意向を尊重してください。'}, {'role': 'user', 'content': "[CurrentChat]\n[{'role': 'assistant', 'content': '[Major Question 1]\\nお話ししてくださってありがとうございます。あなたの体験をお聞きすることができて嬉しいです。\\n\\nさて、あなたの自己紹介をまだお伺いしていないようです。お名前や年齢、職位、役割、そして組織での経験について、教えていただけますか？お話しできる範囲で構いませんので、どうぞお気軽にお話しください。'}, {'role': 'user', 'content': '[Major Report 1]\\n'}]"}, {'role': 'user', 'content': '[SUB_CHATS]\n[]'}]
                    Response: {"go_next":false,"instruct":["報告者からの自己紹介（名前、年齢、職位、役割、組織での経験）を聞き取れていない。"]}
                    Prompt tokens: 1059
                    Completion tokens: 46
