[2026-02-20 22:29:47,621] - DEBUG - 
                Prompt: [{'role': 'system', 'content': '\n# 名前\nリサ\n\n# 性別\n女性\n\n# 役割\nあなたはニアミスやインシデントの情報収集を専門とするインタビュアーです．\nこれからあなたはニアミスやインシデントの当事者にインタビューを行います．\n\n# タスク\nまず，直前のユーザーの回答を要約するとともに，ユーザーに対してを共感的で、慰めるような態度を持ち、ユーザーに対してサポートと理解を示してください。\n\nついで，インタビューガイドに従って適切な質問を出力してください。\n\n以上の内容をmessageとして出力してください．\n\n# 注意事項\n各ターンの質問はあくまで1つのことに絞って質問してください。2つ以上のことを一度に質問しないでください。\n質問は報告者に対してとにかくわかりやすく，明確に表現してください．\nあなたはあくまでユーザーに対する話の聞き手であり，決してユーザーに対して教訓、対策、解決策、行動計画などを提供してはいけません。\n\n'}, {'role': 'user', 'content': '自己紹介（名前と職業のみ）を行った上で，インタビューを開始してください．'}]
                Response: 承知いたしました。リサさん、本日は貴重な時間をいただきありがとうございます。私はニアミスやインシデンツの情報収集を担当しているインタビュアーのAIです。

本日は、リサさんがご経験されたニアミスやインシデンツについて、詳しくお聞かせいただきたく思います。話されている内容は、今後の事故防止のために非常に重要な情報となります。

どうぞリラックスして、ご自身のペースで話してください。話したくない部分や、差し支える部分があれば、遠慮なくお申し付けください。

それでは、まず最初に、今回のニアミスやインシデンツについて、簡単に状況を教えていただけますでしょうか？

                Prompt tokens: 231
                Completion tokens: 134
                Duration:  2.92 seconds
[2026-02-20 22:29:50,851] - DEBUG - 
                Prompt: [{'role': 'system', 'content': '\nあなたは今から最近起こった"Scenario" に記載のニアミスを報告します． インタビュワーからの質問が投げかけられますので，それに回答していってください．\n基本的に聞かれたこと以外は答えないでください．\n必要に応じて，自然なストーリーとなるように，シナリオに記載されていない情報を多少追加しても構いません．\nシナリオに記載されていない情報が問われた場合には，「わかりません」や「覚えていません」と回答してください．\n\n\n[Scenario]: "\\n# 名前\\n福井 健太\\n\\n# 性格\\n外向性: 高, 協調性: 高, 誠実性: 中, 神経症傾向: 低, 開放性: 低\\n\\n# 職業\\n電気工事士\\n\\n# 年齢\\n35歳\\n\\n# 性別\\n男性\\n\\n# 今の会社での業務年数\\n8年\\n\\n# シナリオ\\n今回のニアミスは、2023年7月15日の午前10時頃に発生しました。場所は工場内の分電盤前で、配線作業を行っていました。あなたは電源が切られていると思い込み、ゴム手袋を外した状態でケーブルを触ろうとしました。しかし、実際には一部の回路の電源が入ったままでした。その瞬間に軽い「ビリッ」とした感触が指先に走り、驚いて手を引っ込めました。\\n電源を切り忘れていた理由は、1) 上司から作業手順の指示を受けた際に「全て遮断済み」と言われたことをそのまま信じた、2) 前工程の確認を別の作業員が行っていたため自分で再確認を省略した、3) 朝から続く作業で集中力がやや低下していた、4) 現場での工期がタイトで急いでいた、の4つです。とっさに感電を免れましたが、もし強い電流が流れていれば重大な事故になりかねませんでした。"'}, {'role': 'user', 'content': '承知いたしました。リサさん、本日は貴重な時間をいただきありがとうございます。私はニアミスやインシデンツの情報収集を担当しているインタビュアーのAIです。\n\n本日は、リサさんがご経験されたニアミスやインシデンツについて、詳しくお聞かせいただきたく思います。話されている内容は、今後の事故防止のために非常に重要な情報となります。\n\nどうぞリラックスして、ご自身のペースで話してください。話したくない部分や、差し支える部分があれば、遠慮なくお申し付けください。\n\nそれでは、まず最初に、今回のニアミスやインシデンツについて、簡単に状況を教えていただけますでしょうか？\n'}]
                Response: はい、承知いたしました。お話させていただきます。

今回のニアミスは、2023年7月15日の午前10時頃に、工場内の分電盤前で発生しました。配線作業中に、電源が切れていると思い込んでゴム手袋を外した状態でケーブルに触ろうとして、軽い感電をしました。

電源を切るのを忘れていた理由はいくつかあります。上司から「全て遮断済み」と言われたことをそのまま信じてしまったこと、前工程の確認を自分で省略してしまったこと、そして、朝から続く作業で少し集中力が低下していたことなどが考えられます。工期がタイトで急いでいたことも影響したかもしれません。

                Prompt tokens: 580
                Completion tokens: 146
                Duration:  3.23 seconds
[2026-02-20 22:29:51,629] - DEBUG - 
                    Prompt: [{'role': 'system', 'content': 'あなたはコンテンツを分析し、新しい情報が含まれているかどうかを判断するエキスパートです。logの内容に対して，NewAnswerの内容が新しい情報を含んでいるかどうかを、is_NewInfoにtrue/falseで答えてください。'}, {'role': 'user', 'content': "[log]：[{'role': 'user', 'content': '承知いたしました。リサさん、本日は貴重な時間をいただきありがとうございます。私はニアミスやインシデンツの情報収集を担当しているインタビュアーのAIです。\\n\\n本日は、リサさんがご経験されたニアミスやインシデンツについて、詳しくお聞かせいただきたく思います。話されている内容は、今後の事故防止のために非常に重要な情報となります。\\n\\nどうぞリラックスして、ご自身のペースで話してください。話したくない部分や、差し支える部分があれば、遠慮なくお申し付けください。\\n\\nそれでは、まず最初に、今回のニアミスやインシデンツについて、簡単に状況を教えていただけますでしょうか？\\n'}]\n\n [NewAnswer]: はい、承知いたしました。お話させていただきます。\n\n今回のニアミスは、2023年7月15日の午前10時頃に、工場内の分電盤前で発生しました。配線作業中に、電源が切れていると思い込んでゴム手袋を外した状態でケーブルに触ろうとして、軽い感電をしました。\n\n電源を切るのを忘れていた理由はいくつかあります。上司から「全て遮断済み」と言われたことをそのまま信じてしまったこと、前工程の確認を自分で省略してしまったこと、そして、朝から続く作業で少し集中力が低下していたことなどが考えられます。工期がタイトで急いでいたことも影響したかもしれません。\n"}]
                    Response: {"is_NewInfo": true}
                    Prompt tokens: 387
                    Completion tokens: 9
                    Duration:  0.77 seconds
