[2026-02-20 11:32:38,142] - DEBUG - 
                    Prompt: [{'role': 'system', 'content': 'あなたは与えられた文章をJSON形式に再構成するエキスパートです．与えられた文章を再構成してください．'}, {'role': 'user', 'content': '[SECONDARY SUMMARY]\n電気工事士の福井健太氏（35歳、8年勤務）は、工場内の分電盤前での配線作業中にニアミスが発生した。\n福井さんのニアミスは、2023年7月15日の午前10時頃に工場内の分電盤前で発生したことが明らかになった。\n\n配線作業中に電源が切れていると誤認しゴム手袋を外してケーブルに触ろうとしたところ、一部回路の電源が入っており、指先に感電するニアミスが発生した。\n福井さんは、上司からの指示と前工程の確認が済んでいるという認識に基づいて再確認を省略して作業を進めていたため、電源が切られているにも関わらず感電の危険に遭遇した。\n福井さんは、工期がタイトな状況下で確認を省略してしまったものの、事象発生直前に体調に変化はなかったと報告している。\n福井さんは、指示通りに作業を進めていたものの、急いでいたため少し焦っていたが、電源が切れていることを認識していたため特に不安はなかったと報告した。\n福井さんは、過去の経験と上司からの指示に基づき、今回の作業で電源が遮断されていると強く確信していた。\n\n分電盤の周辺には、作業中のケーブル、以前から繋がっていたケーブル、工具箱、点灯していない懐中電灯が存在していた。\n福井さんは、事象発生時に電源遮断の確認方法（分電盤表示と電圧計での電圧確認）や作業前の確認事項（周囲の安全確認と工具の確認）が作業手順書に記載されていたことを証言しました。\n\n福井さんは作業中に、特別な指示、アラーム、サイン、通知など、変わった情報や異変は一切なかったと報告した。\n\n福井さんは、事象発生時の作業場の温度が25度、湿度がやや高め、騒音レベルは通常通り、明るさは十分であったと証言しました。\n福井さんによると、事象が発生した場所は横3メートル、奥行き2メートルの広さで、作業中は分電盤周りの配線ケーブルが足元に散らばっており、少し邪魔に感じていたとのことです。\n\n福井さんは、事象発生場所に普段と変わった人や物、動きなどを特に認識していなかった。\n\n福井さんは、事象発生場所の分電盤横の床に、いつもと違う小さな工具箱が置かれていたような気がすると証言したが、確信はないとのことである。\n\n福井さんの証言から、事象発生時に福井さんの近くにいたのは同僚の山田さんで、山田さんは福井さんの作業を観察していたものの、二人の間に具体的な会話はなかったことが明らかになった。\n福井さんは、朝礼で安全確認の指示を受け、作業手順書に従って分電盤の配線作業をしていたが、工期への焦りから安全確認を省略し、結果的に感電事故に遭遇した。\n福井さんは、山田さんが作業を見守っていたことに特別な意図を感じたわけではないものの、見られているという意識が集中力を少し妨げたと感じている。\n福井さんは、分電盤の配線作業前に、電源スイッチ、電圧テスター、遮断器、絶縁抵抗計を用いて、回路に電圧が印加されていないこと、遮断器がOFFの状態であること、配線経路に絶縁不良がないことを確認し、安全性を確保した。\n福井さんは、作業手順書に記載された電源遮断の確認方法を全て実行し、手順書との間に相違がないことを報告しました。\n福井さんは、電圧テスターで各回路の電圧が0.00Vであり、絶縁抵抗計で配線経路の絶縁抵抗が10MΩ以上であることを確認し、手順書に記載された内容と実際に実行された内容に相違がないことを証明した。\n福井さんは、普段から電気工事の作業でリスクを意識し、作業手順の再確認、電源遮断確認、絶縁状態確認などを徹底しているが、今回の作業では上司の指示を鵜呑みにして自分で確認を怠ったため、ニアミスが発生したことを反省し、今後は自己確認を徹底するつもりである。\n福井さんは、上司からの「全て遮断済み」という指示のもと、手順書を確認し、通常と変わらない状況で作業を進めていたものの、感電した際に自身の認識が間違っていたことに気づいた。\n福井さんは、感電事故発生前に上司からリスクに関する具体的な指示や注意喚起は一切なく、工期を急ぐ旨の指示のみを受けていたことが明らかになった。\n福井さんは、今回のニアミスを避けるためには、作業前の電源遮断の再確認、作業手順書の再確認、周囲の状況確認、上司への確認、作業中の集中力維持と確認の徹底、そして上司からの遮断確認方法や遮断範囲の明確化、リスク情報提供、進捗確認が重要だと考えている。\n福井さんは今回のニアミスを経験したことで、上司の指示だけでなく自身の判断と確認の重要性を痛感し、今後はより主体的に安全性を確認し、不安を感じたら積極的に相談することで、責任感を持って仕事に取り組むことを決意した。\n福井さんは、工期、品質、コストのプレッシャーを抱えながらも、作業計画の徹底、手順の遵守、効率化などを通じて対応しており、今回のニアミスを教訓に、今後は安全性を最優先に冷静に判断していく決意を表明した。\n福井さんは、電気工事士としての仕事に高いモチベーションを感じており、達成感、貢献感、技術の向上、そして顧客からの感謝がその源泉であり、今回のニアミスを教訓に、安全性を最優先に質の高い仕事を提供し続けたいと考えていることが明らかになった。\n福井さんは、電気工事の仕事において、問題解決、創造性、チームワーク、スキルアップといった多岐にわたる要素に満足しており、それらが仕事のやりがいとモチベーションの源泉となっている。\n福井さんは、普段の業務プロセスやスケジュール、体力的な負担にはある程度の定常性があるものの、工期へのプレッシャーからスケジュール管理の徹底と体力的な負担の考慮が課題であると認識している。\n福井さんは、現場の照明、温度・湿度、騒音、作業スペース、設備のメンテナンス状況に改善の必要性を感じており、それらの改善が作業効率と安全性の向上に繋がると考えている。\n福井さんは、新しい技術や安全、工期、予算に関する情報提供の頻度や形に改善の余地を感じており、情報伝達のスムーズ化がより効率的で安全な作業に繋がると考えている。\n福井さんは、同僚との良好な連携を築きつつも、上司からの指示の曖昧さやプレッシャー、部署間のコミュニケーション不足といった課題を感じており、改善の余地があると考えている。\n福井さんは、職場全体の雰囲気を概ね活気があり協力的だと感じているものの、部署間の連携不足、上層部からの指示の不明確さ、長時間労働といった課題も認識しており、これらの改善によって更なるモチベーション向上を目指している。\n福井さんは、現在のトレーニング、リスク管理、業務プロセス、部署運営方針に課題を感じており、現場の状況に合わせた改善や、部門間の連携強化などを通じて、より効率的で安全な職場環境の構築を目指している。\n福井さんは、組織全体の意思決定プロセス、情報開示、レベル間のコミュニケーション、経営理念の浸透において、現場の意見反映不足、情報共有の不十分さ、一方的なコミュニケーション、形式的な理解といった課題を指摘し、改善の必要性を訴えている。\n福井さんは、電気工事士としての仕事にやりがいを感じ、会社への貢献意欲はあるものの、組織の運営方針や情報開示の改善を期待しており、それらが満たされればより積極的に貢献したいと考えている。\n福井さんは、ヒヤリハットやインシデントの発現には、情報伝達の不備、リスクアセスメントの不十分さ、作業手順書の不備、工期へのプレッシャーなど、組織、プロセス、個人、その他の様々な要因が複合的に関与していると考えている。\n福井さんのヒヤリハット・インシデント要因分析は、組織的・プロセス的要因が根本原因となることが多いという点に同意し、変化への対応の遅れとコミュニケーションスタイルの問題の追加提案を含め、今後のリスク管理や安全対策に重要な示唆を与えている。'}]
                    Response: {
  "報告者情報": {
    "名前": "福井 健太",
    "年齢": 35,
    "勤続年数": 8
  },
  "インシデントの概要": {
    "性別": "男性",
    "職種": "電気工事士",
    "会社": "不明",
    "勤続年数": 8
  },
  "インシデント発生時の状況": {
    "年齢": 35,
    "性別": "男性",
    "会社": "不明",
    "勤続年数": 8
  },
  "事象に至るまでの経緯": "工場内の分電盤前での配線作業中",
  "背後要因": {
    "職種": "電気工事士",
    "勤続年数": 8
  },
  "普段と違った点": "分電盤横の床に、いつもと違う小さな工具箱が置かれていたような気がする（確信なし）",
  "原因": [
    "上司からの指示を鵜呑みにし、自己確認を怠った",
    "工期への焦りから安全確認を省略した",
    "電源遮断の確認方法（分電盤表示と電圧計での電圧確認）や作業前の確認事項（周囲の安全確認と工具の確認）が作業手順書に記載されていたことを認識していたにも関わらず、手順書と実際の手順に相違がないか確認を怠った"
  ],
  "類似事象": [],
  "対策": [
    "作業前の電源遮断の再確認",
    "作業手順書の再確認",
    "周囲の状況確認",
    "上司への確認",
    "作業中の集中力維持と確認の徹底",
    "上司からの遮断確認方法や遮断範囲の明確化",
    "リスク情報提供",
    "進捗確認",
    "自己確認の徹底",
    "不安を感じた場合の積極的な相談"
  ]
  }

                    Prompt tokens: 1976
                    Completion tokens: 475
                    Duration:  168.48 seconds
